<?xml version="1.0" encoding="UTF-8"?>
<testng-results ignored="0" total="1" passed="1" failed="0" skipped="0">
  <reporter-output>
  </reporter-output>
  <suite started-at="2022-11-17T17:49:01 IST" name="Default suite" finished-at="2022-11-17T17:49:11 IST" duration-ms="10517">
    <groups>
    </groups>
    <test started-at="2022-11-17T17:49:01 IST" name="Default test" finished-at="2022-11-17T17:49:11 IST" duration-ms="10517">
      <class name="oms.TestCases.TC_002_CreatePurchaseOrderTest">
        <test-method is-config="true" signature="connectToDB()[pri:0, instance:oms.TestCases.TC_002_CreatePurchaseOrderTest@59505b48]" started-at="2022-11-17T17:49:01 IST" name="connectToDB" finished-at="2022-11-17T17:49:01 IST" duration-ms="4" status="PASS">
          <reporter-output>
          </reporter-output>
        </test-method> <!-- connectToDB -->
        <test-method is-config="true" signature="launchBrowser()[pri:0, instance:oms.TestCases.TC_002_CreatePurchaseOrderTest@59505b48]" started-at="2022-11-17T17:49:01 IST" name="launchBrowser" finished-at="2022-11-17T17:49:06 IST" duration-ms="4980" status="PASS">
          <reporter-output>
          </reporter-output>
        </test-method> <!-- launchBrowser -->
        <test-method is-config="true" signature="login()[pri:0, instance:oms.TestCases.TC_002_CreatePurchaseOrderTest@59505b48]" started-at="2022-11-17T17:49:06 IST" name="login" finished-at="2022-11-17T17:49:09 IST" duration-ms="2543" status="PASS">
          <reporter-output>
          </reporter-output>
        </test-method> <!-- login -->
        <test-method signature="purchase_order()[pri:0, instance:oms.TestCases.TC_002_CreatePurchaseOrderTest@59505b48]" started-at="2022-11-17T17:49:09 IST" name="purchase_order" finished-at="2022-11-17T17:49:09 IST" duration-ms="4" status="PASS">
          <reporter-output>
          </reporter-output>
        </test-method> <!-- purchase_order -->
        <test-method is-config="true" signature="close()[pri:0, instance:oms.TestCases.TC_002_CreatePurchaseOrderTest@59505b48]" started-at="2022-11-17T17:49:09 IST" name="close" finished-at="2022-11-17T17:49:11 IST" duration-ms="2970" status="PASS">
          <reporter-output>
          </reporter-output>
        </test-method> <!-- close -->
        <test-method is-config="true" signature="disconnectToDB()[pri:0, instance:oms.TestCases.TC_002_CreatePurchaseOrderTest@59505b48]" started-at="2022-11-17T17:49:12 IST" name="disconnectToDB" finished-at="2022-11-17T17:49:12 IST" duration-ms="0" status="PASS">
          <reporter-output>
          </reporter-output>
        </test-method> <!-- disconnectToDB -->
      </class> <!-- oms.TestCases.TC_002_CreatePurchaseOrderTest -->
    </test> <!-- Default test -->
  </suite> <!-- Default suite -->
</testng-results>
