<?xml version="1.0" encoding="UTF-8"?>
<testng-results ignored="0" total="1" passed="1" failed="0" skipped="0">
  <reporter-output>
    <line>
      <![CDATA[Test Case Id: XXXXXX]]>
    </line>
    <line>
      <![CDATA[PO ID: PO1047007413]]>
    </line>
    <line>
      <![CDATA[Step:1 P.O Created Successfully And Verify Passed ]]>
    </line>
    <line>
      <![CDATA[Step:3 P.O Approved By Procurement And Verify Passed ]]>
    </line>
    <line>
      <![CDATA[Step:4 P.O Approved By Finance And Verify Passed ]]>
    </line>
    <line>
      <![CDATA[Step:5 Stock Inwarded Successfully And Verify Passed ]]>
    </line>
    <line>
      <![CDATA[PO ID : PO1047007413 GRN number : GRN18112201150]]>
    </line>
  </reporter-output>
  <suite started-at="2022-11-18T17:41:01 IST" name="Default suite" finished-at="2022-11-18T17:42:43 IST" duration-ms="101799">
    <groups>
    </groups>
    <test started-at="2022-11-18T17:41:01 IST" name="Default test" finished-at="2022-11-18T17:42:43 IST" duration-ms="101799">
      <class name="oms.TestCases.TC_002_CreatePurchaseOrderTest">
        <test-method is-config="true" signature="connectToDB()[pri:0, instance:oms.TestCases.TC_002_CreatePurchaseOrderTest@13fd2ccd]" started-at="2022-11-18T17:41:01 IST" name="connectToDB" finished-at="2022-11-18T17:41:01 IST" duration-ms="5" status="PASS">
          <reporter-output>
          </reporter-output>
        </test-method> <!-- connectToDB -->
        <test-method is-config="true" signature="launchBrowser()[pri:0, instance:oms.TestCases.TC_002_CreatePurchaseOrderTest@13fd2ccd]" started-at="2022-11-18T17:41:01 IST" name="launchBrowser" finished-at="2022-11-18T17:41:08 IST" duration-ms="6784" status="PASS">
          <reporter-output>
          </reporter-output>
        </test-method> <!-- launchBrowser -->
        <test-method is-config="true" signature="login()[pri:0, instance:oms.TestCases.TC_002_CreatePurchaseOrderTest@13fd2ccd]" started-at="2022-11-18T17:41:08 IST" name="login" finished-at="2022-11-18T17:41:10 IST" duration-ms="2700" status="PASS">
          <reporter-output>
          </reporter-output>
        </test-method> <!-- login -->
        <test-method signature="purchase_order()[pri:0, instance:oms.TestCases.TC_002_CreatePurchaseOrderTest@13fd2ccd]" started-at="2022-11-18T17:41:10 IST" name="purchase_order" finished-at="2022-11-18T17:42:39 IST" duration-ms="89086" status="PASS">
          <reporter-output>
            <line>
              <![CDATA[Test Case Id: XXXXXX]]>
            </line>
            <line>
              <![CDATA[PO ID: PO1047007413]]>
            </line>
            <line>
              <![CDATA[Step:1 P.O Created Successfully And Verify Passed ]]>
            </line>
            <line>
              <![CDATA[Step:3 P.O Approved By Procurement And Verify Passed ]]>
            </line>
            <line>
              <![CDATA[Step:4 P.O Approved By Finance And Verify Passed ]]>
            </line>
            <line>
              <![CDATA[Step:5 Stock Inwarded Successfully And Verify Passed ]]>
            </line>
            <line>
              <![CDATA[PO ID : PO1047007413 GRN number : GRN18112201150]]>
            </line>
          </reporter-output>
        </test-method> <!-- purchase_order -->
        <test-method is-config="true" signature="logout()[pri:0, instance:oms.TestCases.TC_002_CreatePurchaseOrderTest@13fd2ccd]" started-at="2022-11-18T17:42:39 IST" name="logout" finished-at="2022-11-18T17:42:42 IST" duration-ms="3018" status="PASS">
          <reporter-output>
          </reporter-output>
        </test-method> <!-- logout -->
        <test-method is-config="true" signature="close()[pri:0, instance:oms.TestCases.TC_002_CreatePurchaseOrderTest@13fd2ccd]" started-at="2022-11-18T17:42:42 IST" name="close" finished-at="2022-11-18T17:42:43 IST" duration-ms="170" status="PASS">
          <reporter-output>
          </reporter-output>
        </test-method> <!-- close -->
        <test-method is-config="true" signature="disconnectToDB()[pri:0, instance:oms.TestCases.TC_002_CreatePurchaseOrderTest@13fd2ccd]" started-at="2022-11-18T17:42:43 IST" name="disconnectToDB" finished-at="2022-11-18T17:42:43 IST" duration-ms="1" status="PASS">
          <reporter-output>
          </reporter-output>
        </test-method> <!-- disconnectToDB -->
      </class> <!-- oms.TestCases.TC_002_CreatePurchaseOrderTest -->
    </test> <!-- Default test -->
  </suite> <!-- Default suite -->
</testng-results>
